<?xml version="1.0" encoding="UTF-8"?>
<testng-results skipped="0" failed="1" ignored="0" total="4" passed="3">
  <reporter-output>
  </reporter-output>
  <suite name="Default suite" duration-ms="35392" started-at="2018-09-02T09:54:53Z" finished-at="2018-09-02T09:55:28Z">
    <groups>
    </groups>
    <test name="Default test" duration-ms="35392" started-at="2018-09-02T09:54:53Z" finished-at="2018-09-02T09:55:28Z">
      <class name="com.ranford.functionalities.TestExecution">
        <test-method status="PASS" signature="verify_launch()[pri:1, instance:com.ranford.functionalities.TestExecution@6b09bb57]" name="verify_launch" duration-ms="6808" started-at="2018-09-02T09:54:53Z" finished-at="2018-09-02T09:55:00Z">
          <reporter-output>
          </reporter-output>
        </test-method> <!-- verify_launch -->
        <test-method status="PASS" signature="verify_login()[pri:2, instance:com.ranford.functionalities.TestExecution@6b09bb57]" name="verify_login" duration-ms="6632" started-at="2018-09-02T09:55:00Z" finished-at="2018-09-02T09:55:06Z">
          <reporter-output>
          </reporter-output>
        </test-method> <!-- verify_login -->
        <test-method status="FAIL" signature="createNewBranch(java.lang.String, java.lang.String, java.lang.String, java.lang.String, java.lang.String, java.lang.String)[pri:3, instance:com.ranford.functionalities.TestExecution@6b09bb57]" name="createNewBranch" duration-ms="20281" started-at="2018-09-02T09:55:07Z" data-provider="branch" finished-at="2018-09-02T09:55:27Z">
          <params>
            <param index="0">
              <value>
                <![CDATA[Haveli]]>
              </value>
            </param>
            <param index="1">
              <value>
                <![CDATA[Pe Aao Kabhi]]>
              </value>
            </param>
            <param index="2">
              <value>
                <![CDATA[121943]]>
              </value>
            </param>
            <param index="3">
              <value>
                <![CDATA[INDIA]]>
              </value>
            </param>
            <param index="4">
              <value>
                <![CDATA[Karnataka]]>
              </value>
            </param>
            <param index="5">
              <value>
                <![CDATA[BANGLORE]]>
              </value>
            </param>
          </params>
          <exception class="java.lang.NullPointerException">
            <full-stacktrace>
              <![CDATA[java.lang.NullPointerException
at TestBase.Base.getlocator(Base.java:64)
at com.ranford.functionalities.Repository.createBranch(Repository.java:109)
at com.ranford.functionalities.TestExecution.createNewBranch(TestExecution.java:37)
at sun.reflect.NativeMethodAccessorImpl.invoke0(Native Method)
at sun.reflect.NativeMethodAccessorImpl.invoke(NativeMethodAccessorImpl.java:62)
at sun.reflect.DelegatingMethodAccessorImpl.invoke(DelegatingMethodAccessorImpl.java:43)
at java.lang.reflect.Method.invoke(Method.java:498)
at org.testng.internal.MethodInvocationHelper.invokeMethod(MethodInvocationHelper.java:124)
at org.testng.internal.Invoker.invokeMethod(Invoker.java:580)
at org.testng.internal.Invoker.invokeTestMethod(Invoker.java:716)
at org.testng.internal.Invoker.invokeTestMethods(Invoker.java:988)
at org.testng.internal.TestMethodWorker.invokeTestMethods(TestMethodWorker.java:125)
at org.testng.internal.TestMethodWorker.run(TestMethodWorker.java:109)
at org.testng.TestRunner.privateRun(TestRunner.java:648)
at org.testng.TestRunner.run(TestRunner.java:505)
at org.testng.SuiteRunner.runTest(SuiteRunner.java:455)
at org.testng.SuiteRunner.runSequentially(SuiteRunner.java:450)
at org.testng.SuiteRunner.privateRun(SuiteRunner.java:415)
at org.testng.SuiteRunner.run(SuiteRunner.java:364)
at org.testng.SuiteRunnerWorker.runSuite(SuiteRunnerWorker.java:52)
at org.testng.SuiteRunnerWorker.run(SuiteRunnerWorker.java:84)
at org.testng.TestNG.runSuitesSequentially(TestNG.java:1208)
at org.testng.TestNG.runSuitesLocally(TestNG.java:1137)
at org.testng.TestNG.runSuites(TestNG.java:1049)
at org.testng.TestNG.run(TestNG.java:1017)
at org.testng.remote.AbstractRemoteTestNG.run(AbstractRemoteTestNG.java:114)
at org.testng.remote.RemoteTestNG.initAndRun(RemoteTestNG.java:251)
at org.testng.remote.RemoteTestNG.main(RemoteTestNG.java:77)
]]>
            </full-stacktrace>
          </exception> <!-- java.lang.NullPointerException -->
          <reporter-output>
          </reporter-output>
        </test-method> <!-- createNewBranch -->
        <test-method status="PASS" signature="verify_logout()[pri:4, instance:com.ranford.functionalities.TestExecution@6b09bb57]" name="verify_logout" duration-ms="1433" started-at="2018-09-02T09:55:27Z" finished-at="2018-09-02T09:55:28Z">
          <reporter-output>
          </reporter-output>
        </test-method> <!-- verify_logout -->
      </class> <!-- com.ranford.functionalities.TestExecution -->
    </test> <!-- Default test -->
  </suite> <!-- Default suite -->
</testng-results>
